[2026-03-11 10:58:18] INFO django.utils.autoreload autoreload:681 — Watching for file changes with StatReloader
[2026-03-11 10:58:29] INFO middleware.logging_middleware logging_middleware:20 — GET / - 404 (0.01s)
[2026-03-11 10:58:29] WARNING django.request log:249 — Not Found: /
[2026-03-11 10:58:29] WARNING django.server log:249 — "GET / HTTP/1.1" 404 4266
[2026-03-11 10:58:29] INFO middleware.logging_middleware logging_middleware:20 — GET / - 404 (0.01s)
[2026-03-11 10:58:29] WARNING django.request log:249 — Not Found: /
[2026-03-11 10:58:29] WARNING django.server log:249 — "GET / HTTP/1.1" 404 4266
[2026-03-11 10:58:29] INFO middleware.logging_middleware logging_middleware:20 — GET / - 404 (0.01s)
[2026-03-11 10:58:29] WARNING django.request log:249 — Not Found: /
[2026-03-11 10:58:29] WARNING django.server log:249 — "GET / HTTP/1.1" 404 4266
[2026-03-11 10:58:30] INFO middleware.logging_middleware logging_middleware:20 — GET /favicon.ico - 404 (0.01s)
[2026-03-11 10:58:30] WARNING django.request log:249 — Not Found: /favicon.ico
[2026-03-11 10:58:30] WARNING django.server log:249 — "GET /favicon.ico HTTP/1.1" 404 4317
[2026-03-11 10:58:35] INFO middleware.logging_middleware logging_middleware:20 — GET / - 404 (0.01s)
[2026-03-11 10:58:35] WARNING django.request log:249 — Not Found: /
[2026-03-11 10:58:35] WARNING django.server log:249 — "GET / HTTP/1.1" 404 4266
[2026-03-11 10:58:38] INFO middleware.logging_middleware logging_middleware:20 — GET /admin - 404 (0.01s)
[2026-03-11 10:58:38] INFO django.server log:249 — "GET /admin HTTP/1.1" 301 0
[2026-03-11 10:58:38] INFO middleware.logging_middleware logging_middleware:20 — GET /admin/ - 302 (0.05s)
[2026-03-11 10:58:38] INFO django.server log:249 — "GET /admin/ HTTP/1.1" 302 0
[2026-03-11 10:58:38] INFO middleware.logging_middleware logging_middleware:20 — GET /admin/login/ - 200 (0.06s)
[2026-03-11 10:58:38] INFO django.server log:249 — "GET /admin/login/?next=/admin/ HTTP/1.1" 200 4084
[2026-03-11 10:58:39] INFO django.server log:249 — "GET /static/admin/js/theme.js HTTP/1.1" 200 1653
[2026-03-11 10:58:39] INFO django.server log:249 — "GET /static/admin/css/dark_mode.css HTTP/1.1" 200 3538
[2026-03-11 10:58:39] INFO django.server log:249 — "GET /static/admin/css/base.css HTTP/1.1" 200 23100
[2026-03-11 10:58:39] INFO django.server log:249 — "GET /static/admin/css/nav_sidebar.css HTTP/1.1" 200 2810
[2026-03-11 10:58:39] INFO django.server log:249 — "GET /static/admin/css/login.css HTTP/1.1" 200 951
[2026-03-11 10:58:39] INFO django.server log:249 — "GET /static/admin/css/responsive.css HTTP/1.1" 200 16273
[2026-03-11 10:58:39] INFO django.server log:249 — "GET /static/admin/js/nav_sidebar.js HTTP/1.1" 200 3063
[2026-03-11 10:58:43] INFO middleware.logging_middleware logging_middleware:20 — GET /apii/docs - 404 (0.01s)
[2026-03-11 10:58:43] WARNING django.request log:249 — Not Found: /apii/docs
[2026-03-11 10:58:43] WARNING django.server log:249 — "GET /apii/docs HTTP/1.1" 404 4311
[2026-03-11 10:58:53] INFO middleware.logging_middleware logging_middleware:20 — GET /api/docs - 404 (0.01s)
[2026-03-11 10:58:53] INFO django.server log:249 — "GET /api/docs HTTP/1.1" 301 0
[2026-03-11 10:58:53] INFO middleware.logging_middleware logging_middleware:20 — GET /api/docs/ - 200 (0.01s)
[2026-03-11 10:58:53] INFO django.server log:249 — "GET /api/docs/ HTTP/1.1" 200 4694
[2026-03-11 10:58:54] INFO middleware.logging_middleware logging_middleware:20 — GET /api/schema/ - 200 (0.11s)
[2026-03-11 10:58:54] INFO django.server log:249 — "GET /api/schema/ HTTP/1.1" 200 132823
[2026-03-11 15:49:47] INFO middleware.logging_middleware logging_middleware:20 — GET /api/v1/homepage/homepage/ - 200 (0.04s)
[2026-03-11 15:49:47] INFO django.server log:249 — "GET /api/v1/homepage/homepage/ HTTP/1.1" 200 52
[2026-03-11 15:49:47] INFO middleware.logging_middleware logging_middleware:20 — GET /api/v1/homepage/homepage/ - 200 (0.00s)
[2026-03-11 15:49:47] INFO django.server log:249 — "GET /api/v1/homepage/homepage/ HTTP/1.1" 200 52
[2026-03-11 15:53:36] INFO middleware.logging_middleware logging_middleware:20 — GET /api/v1/homepage/homepage/ - 200 (0.01s)
[2026-03-11 15:53:36] INFO django.server log:249 — "GET /api/v1/homepage/homepage/ HTTP/1.1" 200 52
[2026-03-11 15:53:36] INFO middleware.logging_middleware logging_middleware:20 — GET /api/v1/homepage/homepage/ - 200 (0.01s)
[2026-03-11 15:53:36] INFO django.server log:249 — "GET /api/v1/homepage/homepage/ HTTP/1.1" 200 52
[2026-03-11 15:54:39] INFO middleware.logging_middleware logging_middleware:20 — GET /api/v1/homepage/homepage/ - 200 (0.00s)
[2026-03-11 15:54:39] INFO django.server log:249 — "GET /api/v1/homepage/homepage/ HTTP/1.1" 200 52
[2026-03-11 15:54:39] INFO middleware.logging_middleware logging_middleware:20 — GET /api/v1/homepage/homepage/ - 200 (0.00s)
[2026-03-11 15:54:39] INFO django.server log:249 — "GET /api/v1/homepage/homepage/ HTTP/1.1" 200 52
[2026-03-12 12:32:49] INFO django.utils.autoreload autoreload:681 — Watching for file changes with StatReloader
[2026-03-12 12:33:05] INFO middleware.logging_middleware logging_middleware:20 — GET /api/v1/homepage/homepage/ - 200 (0.01s)
[2026-03-12 12:33:05] INFO django.server log:249 — "GET /api/v1/homepage/homepage/ HTTP/1.1" 200 52
[2026-03-12 12:33:05] INFO middleware.logging_middleware logging_middleware:20 — GET /api/v1/homepage/homepage/ - 200 (0.00s)
[2026-03-12 12:33:05] INFO django.server log:249 — "GET /api/v1/homepage/homepage/ HTTP/1.1" 200 52
[2026-03-12 12:33:43] INFO middleware.logging_middleware logging_middleware:20 — GET / - 404 (0.01s)
[2026-03-12 12:33:43] WARNING django.request log:249 — Not Found: /
[2026-03-12 12:33:43] WARNING django.server log:249 — "GET / HTTP/1.1" 404 4266
[2026-03-12 12:33:43] INFO middleware.logging_middleware logging_middleware:20 — GET /favicon.ico - 404 (0.01s)
[2026-03-12 12:33:43] WARNING django.request log:249 — Not Found: /favicon.ico
[2026-03-12 12:33:43] WARNING django.server log:249 — "GET /favicon.ico HTTP/1.1" 404 4317
[2026-03-12 12:33:57] INFO middleware.logging_middleware logging_middleware:20 — GET /admin - 404 (0.00s)
[2026-03-12 12:33:57] INFO django.server log:249 — "GET /admin HTTP/1.1" 301 0
[2026-03-12 12:33:57] INFO middleware.logging_middleware logging_middleware:20 — GET /admin/ - 302 (0.03s)
[2026-03-12 12:33:57] INFO django.server log:249 — "GET /admin/ HTTP/1.1" 302 0
[2026-03-12 12:33:57] INFO middleware.logging_middleware logging_middleware:20 — GET /admin/login/ - 200 (0.18s)
[2026-03-12 12:33:57] INFO django.server log:249 — "GET /admin/login/?next=/admin/ HTTP/1.1" 200 4084
[2026-03-12 12:33:57] INFO django.server log:249 — "GET /static/admin/js/theme.js HTTP/1.1" 200 1653
[2026-03-12 12:33:57] INFO django.server log:249 — "GET /static/admin/css/dark_mode.css HTTP/1.1" 200 3538
[2026-03-12 12:33:57] INFO django.server log:249 — "GET /static/admin/css/base.css HTTP/1.1" 200 23100
[2026-03-12 12:33:57] INFO django.server log:249 — "GET /static/admin/css/nav_sidebar.css HTTP/1.1" 200 2810
[2026-03-12 12:33:57] INFO django.server log:249 — "GET /static/admin/css/login.css HTTP/1.1" 200 951
[2026-03-12 12:33:57] INFO django.server log:249 — "GET /static/admin/css/responsive.css HTTP/1.1" 200 16273
[2026-03-12 12:33:57] INFO django.server log:249 — "GET /static/admin/js/nav_sidebar.js HTTP/1.1" 200 3063
[2026-03-12 12:34:48] INFO middleware.logging_middleware logging_middleware:20 — GET /api/docs - 404 (0.01s)
[2026-03-12 12:34:48] INFO django.server log:249 — "GET /api/docs HTTP/1.1" 301 0
[2026-03-12 12:34:48] INFO middleware.logging_middleware logging_middleware:20 — GET /api/docs/ - 200 (0.01s)
[2026-03-12 12:34:48] INFO django.server log:249 — "GET /api/docs/ HTTP/1.1" 200 4694
[2026-03-12 12:34:48] INFO middleware.logging_middleware logging_middleware:20 — GET /api/schema/ - 200 (0.12s)
[2026-03-12 12:34:48] INFO django.server log:249 — "GET /api/schema/ HTTP/1.1" 200 132823
[2026-03-12 12:35:06] INFO django.server log:249 — "OPTIONS /api/v1/homepage/homepage/ HTTP/1.1" 200 0
[2026-03-12 12:35:06] INFO middleware.logging_middleware logging_middleware:20 — POST /api/v1/homepage/homepage/ - 400 (0.00s)
[2026-03-12 12:35:06] WARNING django.request log:249 — Bad Request: /api/v1/homepage/homepage/
[2026-03-12 12:35:06] WARNING django.server log:249 — "POST /api/v1/homepage/homepage/ HTTP/1.1" 400 65
[2026-03-12 12:35:10] INFO middleware.logging_middleware logging_middleware:20 — GET /api/v1/homepage/homepage/ - 200 (0.01s)
[2026-03-12 12:35:10] INFO django.server log:249 — "GET /api/v1/homepage/homepage/ HTTP/1.1" 200 52
[2026-03-12 12:35:10] INFO middleware.logging_middleware logging_middleware:20 — GET /api/v1/homepage/homepage/ - 200 (0.00s)
[2026-03-12 12:35:10] INFO django.server log:249 — "GET /api/v1/homepage/homepage/ HTTP/1.1" 200 52
[2026-03-12 12:35:44] INFO middleware.logging_middleware logging_middleware:20 — POST /api/v1/homepage/homepage/ - 400 (0.00s)
[2026-03-12 12:35:44] WARNING django.request log:249 — Bad Request: /api/v1/homepage/homepage/
[2026-03-12 12:35:44] WARNING django.server log:249 — "POST /api/v1/homepage/homepage/ HTTP/1.1" 400 65
[2026-03-12 12:38:15] INFO django.utils.autoreload autoreload:265 — C:\Users\user\OneDrive\Desktop\DSTP-Website\dstp_backend\apps\projects\views.py changed, reloading.
[2026-03-12 12:38:17] INFO django.utils.autoreload autoreload:681 — Watching for file changes with StatReloader
[2026-03-12 12:49:40] INFO middleware.logging_middleware logging_middleware:20 — GET /api/v1/homepage/homepage/ - 200 (0.03s)
[2026-03-12 12:49:40] INFO django.server log:249 — "GET /api/v1/homepage/homepage/ HTTP/1.1" 200 414
[2026-03-12 12:49:40] INFO middleware.logging_middleware logging_middleware:20 — GET /api/v1/homepage/homepage/ - 200 (0.01s)
[2026-03-12 12:49:40] INFO django.server log:249 — "GET /api/v1/homepage/homepage/ HTTP/1.1" 200 414
[2026-03-12 12:50:16] INFO middleware.logging_middleware logging_middleware:20 — GET /api/v1/homepage/homepage/ - 200 (0.01s)
[2026-03-12 12:50:16] INFO django.server log:249 — "GET /api/v1/homepage/homepage/ HTTP/1.1" 200 414
[2026-03-12 12:50:16] INFO middleware.logging_middleware logging_middleware:20 — GET /api/v1/homepage/homepage/ - 200 (0.01s)
[2026-03-12 12:50:16] INFO django.server log:249 — "GET /api/v1/homepage/homepage/ HTTP/1.1" 200 414
[2026-03-12 12:50:18] INFO middleware.logging_middleware logging_middleware:20 — GET /api/v1/homepage/homepage/ - 200 (0.01s)
[2026-03-12 12:50:18] INFO django.server log:249 — "GET /api/v1/homepage/homepage/ HTTP/1.1" 200 414
[2026-03-12 12:50:18] INFO middleware.logging_middleware logging_middleware:20 — GET /api/v1/homepage/homepage/ - 200 (0.00s)
[2026-03-12 12:50:18] INFO django.server log:249 — "GET /api/v1/homepage/homepage/ HTTP/1.1" 200 414
[2026-03-12 12:50:42] INFO middleware.logging_middleware logging_middleware:20 — GET /api/v1/homepage/homepage/ - 200 (0.00s)
[2026-03-12 12:50:42] INFO django.server log:249 — "GET /api/v1/homepage/homepage/ HTTP/1.1" 200 414
[2026-03-12 12:50:42] INFO middleware.logging_middleware logging_middleware:20 — GET /api/v1/homepage/homepage/ - 200 (0.01s)
[2026-03-12 12:50:42] INFO django.server log:249 — "GET /api/v1/homepage/homepage/ HTTP/1.1" 200 414
[2026-03-12 12:50:56] INFO django.server log:249 — "OPTIONS /api/v1/homepage/homepage/ HTTP/1.1" 200 0
[2026-03-12 12:50:56] INFO middleware.logging_middleware logging_middleware:20 — POST /api/v1/homepage/homepage/ - 400 (0.00s)
[2026-03-12 12:50:56] WARNING django.request log:249 — Bad Request: /api/v1/homepage/homepage/
[2026-03-12 12:50:56] WARNING django.server log:249 — "POST /api/v1/homepage/homepage/ HTTP/1.1" 400 65
[2026-03-12 13:02:39] INFO middleware.logging_middleware logging_middleware:20 — GET /api/v1/homepage/homepage/ - 200 (0.01s)
[2026-03-12 13:02:39] INFO django.server log:249 — "GET /api/v1/homepage/homepage/ HTTP/1.1" 200 414
[2026-03-12 13:02:39] INFO middleware.logging_middleware logging_middleware:20 — GET /api/v1/homepage/homepage/ - 200 (0.01s)
[2026-03-12 13:02:39] INFO django.server log:249 — "GET /api/v1/homepage/homepage/ HTTP/1.1" 200 414
[2026-03-12 13:02:41] INFO middleware.logging_middleware logging_middleware:20 — GET /api/v1/homepage/homepage/ - 200 (0.01s)
[2026-03-12 13:02:41] INFO django.server log:249 — "GET /api/v1/homepage/homepage/ HTTP/1.1" 200 414
[2026-03-12 13:02:41] INFO middleware.logging_middleware logging_middleware:20 — GET /api/v1/homepage/homepage/ - 200 (0.01s)
[2026-03-12 13:02:41] INFO django.server log:249 — "GET /api/v1/homepage/homepage/ HTTP/1.1" 200 414
[2026-03-13 14:42:31] INFO django.utils.autoreload autoreload:681 — Watching for file changes with StatReloader
[2026-03-13 14:43:07] INFO django.utils.autoreload autoreload:265 — D:\Work\DSTP-Website\dstp_backend\apps\core\models.py changed, reloading.
[2026-03-13 14:43:07] INFO django.utils.autoreload autoreload:681 — Watching for file changes with StatReloader
[2026-03-13 14:43:19] INFO middleware.logging_middleware logging_middleware:20 — GET /api/docs - 404 (0.01s)
[2026-03-13 14:43:19] INFO django.server log:249 — "GET /api/docs HTTP/1.1" 301 0
[2026-03-13 14:43:19] INFO middleware.logging_middleware logging_middleware:20 — GET /api/docs/ - 200 (0.02s)
[2026-03-13 14:43:19] INFO django.server log:249 — "GET /api/docs/ HTTP/1.1" 200 4694
[2026-03-13 14:43:19] INFO middleware.logging_middleware logging_middleware:20 — GET /api/schema/ - 200 (0.09s)
[2026-03-13 14:43:19] INFO django.server log:249 — "GET /api/schema/ HTTP/1.1" 200 140284
[2026-03-13 14:49:58] INFO middleware.logging_middleware logging_middleware:20 — POST /api/v1/auth/login/ - 400 (0.00s)
[2026-03-13 14:49:58] WARNING django.request log:249 — Bad Request: /api/v1/auth/login/
[2026-03-13 14:49:58] WARNING django.server log:249 — "POST /api/v1/auth/login/ HTTP/1.1" 400 103
[2026-03-13 14:50:40] INFO middleware.logging_middleware logging_middleware:20 — POST /api/v1/auth/login/ - 400 (0.00s)
[2026-03-13 14:50:40] WARNING django.request log:249 — Bad Request: /api/v1/auth/login/
[2026-03-13 14:50:40] WARNING django.server log:249 — "POST /api/v1/auth/login/ HTTP/1.1" 400 103
[2026-03-13 14:51:34] INFO middleware.logging_middleware logging_middleware:20 — POST /api/v1/auth/login/ - 400 (0.00s)
[2026-03-13 14:51:34] WARNING django.request log:249 — Bad Request: /api/v1/auth/login/
[2026-03-13 14:51:34] WARNING django.server log:249 — "POST /api/v1/auth/login/ HTTP/1.1" 400 104
[2026-03-13 14:51:55] INFO middleware.logging_middleware logging_middleware:20 — POST /api/v1/auth/login/ - 400 (0.00s)
[2026-03-13 14:51:55] WARNING django.request log:249 — Bad Request: /api/v1/auth/login/
[2026-03-13 14:51:55] WARNING django.server log:249 — "POST /api/v1/auth/login/ HTTP/1.1" 400 103
[2026-03-13 14:51:59] INFO middleware.logging_middleware logging_middleware:20 — POST /api/v1/auth/login/ - 400 (0.00s)
[2026-03-13 14:51:59] WARNING django.request log:249 — Bad Request: /api/v1/auth/login/
[2026-03-13 14:51:59] WARNING django.server log:249 — "POST /api/v1/auth/login/ HTTP/1.1" 400 104
[2026-03-13 14:56:12] INFO middleware.logging_middleware logging_middleware:20 — POST /api/v1/auth/login/ - 400 (0.00s)
[2026-03-13 14:56:12] WARNING django.request log:249 — Bad Request: /api/v1/auth/login/
[2026-03-13 14:56:12] WARNING django.server log:249 — "POST /api/v1/auth/login/ HTTP/1.1" 400 104
[2026-03-13 14:59:37] INFO middleware.logging_middleware logging_middleware:20 — POST /api/v1/auth/login/ - 401 (0.03s)
[2026-03-13 14:59:37] WARNING django.request log:249 — Unauthorized: /api/v1/auth/login/
[2026-03-13 14:59:37] WARNING django.server log:249 — "POST /api/v1/auth/login/ HTTP/1.1" 401 63
[2026-03-13 14:59:55] INFO middleware.logging_middleware logging_middleware:20 — POST /api/v1/auth/register/ - 201 (0.68s)
[2026-03-13 14:59:55] INFO django.server log:249 — "POST /api/v1/auth/register/ HTTP/1.1" 201 811
[2026-03-13 15:00:06] INFO middleware.logging_middleware logging_middleware:20 — POST /api/v1/auth/login/ - 200 (0.09s)
[2026-03-13 15:00:06] INFO django.server log:249 — "POST /api/v1/auth/login/ HTTP/1.1" 200 799
[2026-03-13 15:00:30] INFO middleware.logging_middleware logging_middleware:20 — POST /api/v1/auth/login/ - 200 (0.07s)
[2026-03-13 15:00:30] INFO django.server log:249 — "POST /api/v1/auth/login/ HTTP/1.1" 200 799
[2026-03-13 15:01:13] INFO middleware.logging_middleware logging_middleware:20 — POST /api/v1/auth/logout/ - 401 (0.00s)
[2026-03-13 15:01:13] WARNING django.request log:249 — Unauthorized: /api/v1/auth/logout/
[2026-03-13 15:01:13] WARNING django.server log:249 — "POST /api/v1/auth/logout/ HTTP/1.1" 401 76
[2026-03-13 15:01:26] INFO middleware.logging_middleware logging_middleware:20 — POST /api/v1/auth/logout/ - 401 (0.00s)
[2026-03-13 15:01:26] WARNING django.request log:249 — Unauthorized: /api/v1/auth/logout/
[2026-03-13 15:01:26] WARNING django.server log:249 — "POST /api/v1/auth/logout/ HTTP/1.1" 401 76
[2026-03-13 15:02:08] INFO middleware.logging_middleware logging_middleware:20 — POST /api/v1/auth/login/ - 200 (0.08s)
[2026-03-13 15:02:08] INFO django.server log:249 — "POST /api/v1/auth/login/ HTTP/1.1" 200 799
[2026-03-13 15:02:14] INFO middleware.logging_middleware logging_middleware:20 — POST /api/v1/auth/logout/ - 401 (0.00s)
[2026-03-13 15:02:14] WARNING django.request log:249 — Unauthorized: /api/v1/auth/logout/
[2026-03-13 15:02:14] WARNING django.server log:249 — "POST /api/v1/auth/logout/ HTTP/1.1" 401 76
[2026-03-13 15:03:43] INFO middleware.logging_middleware logging_middleware:20 — GET /api/v1/auth/me/ - 401 (0.00s)
[2026-03-13 15:03:43] WARNING django.request log:249 — Unauthorized: /api/v1/auth/me/
[2026-03-13 15:03:43] WARNING django.server log:249 — "GET /api/v1/auth/me/ HTTP/1.1" 401 76
[2026-03-13 15:03:46] INFO middleware.logging_middleware logging_middleware:20 — GET /api/v1/auth/me/ - 401 (0.00s)
[2026-03-13 15:03:46] WARNING django.request log:249 — Unauthorized: /api/v1/auth/me/
[2026-03-13 15:03:46] WARNING django.server log:249 — "GET /api/v1/auth/me/ HTTP/1.1" 401 76
[2026-03-13 15:34:25] INFO django.utils.autoreload autoreload:265 — D:\Work\DSTP-Website\dstp_backend\apps\homepage\views.py changed, reloading.
[2026-03-13 15:34:26] INFO django.utils.autoreload autoreload:681 — Watching for file changes with StatReloader
[2026-03-13 15:34:33] INFO django.utils.autoreload autoreload:265 — D:\Work\DSTP-Website\dstp_backend\apps\homepage\views.py changed, reloading.
[2026-03-13 15:34:33] INFO django.utils.autoreload autoreload:681 — Watching for file changes with StatReloader
[2026-03-13 15:35:15] INFO django.utils.autoreload autoreload:265 — D:\Work\DSTP-Website\dstp_backend\apps\homepage\views.py changed, reloading.
[2026-03-13 15:35:16] INFO django.utils.autoreload autoreload:681 — Watching for file changes with StatReloader
[2026-03-13 15:36:12] INFO django.utils.autoreload autoreload:265 — D:\Work\DSTP-Website\dstp_backend\apps\homepage\views.py changed, reloading.
[2026-03-13 15:36:13] INFO django.utils.autoreload autoreload:681 — Watching for file changes with StatReloader
[2026-03-13 15:36:50] INFO django.utils.autoreload autoreload:265 — D:\Work\DSTP-Website\dstp_backend\apps\homepage\views.py changed, reloading.
[2026-03-13 15:36:51] INFO django.utils.autoreload autoreload:681 — Watching for file changes with StatReloader
[2026-03-13 15:37:46] INFO django.utils.autoreload autoreload:265 — D:\Work\DSTP-Website\dstp_backend\apps\homepage\views.py changed, reloading.
[2026-03-13 15:37:46] INFO django.utils.autoreload autoreload:681 — Watching for file changes with StatReloader
[2026-03-13 15:37:51] INFO django.utils.autoreload autoreload:265 — D:\Work\DSTP-Website\dstp_backend\apps\homepage\views.py changed, reloading.
[2026-03-13 15:37:51] INFO django.utils.autoreload autoreload:681 — Watching for file changes with StatReloader
[2026-03-13 15:38:09] INFO django.utils.autoreload autoreload:265 — D:\Work\DSTP-Website\dstp_backend\apps\homepage\views.py changed, reloading.
[2026-03-13 15:38:10] INFO django.utils.autoreload autoreload:681 — Watching for file changes with StatReloader
[2026-03-13 15:38:11] INFO django.utils.autoreload autoreload:265 — D:\Work\DSTP-Website\dstp_backend\apps\homepage\views.py changed, reloading.
[2026-03-13 15:38:12] INFO django.utils.autoreload autoreload:681 — Watching for file changes with StatReloader
[2026-03-13 15:38:14] INFO django.utils.autoreload autoreload:265 — D:\Work\DSTP-Website\dstp_backend\apps\homepage\views.py changed, reloading.
[2026-03-13 15:38:15] INFO django.utils.autoreload autoreload:681 — Watching for file changes with StatReloader
[2026-03-13 15:38:16] INFO django.utils.autoreload autoreload:265 — D:\Work\DSTP-Website\dstp_backend\apps\homepage\views.py changed, reloading.
[2026-03-13 15:38:17] INFO django.utils.autoreload autoreload:681 — Watching for file changes with StatReloader
[2026-03-13 15:42:09] INFO django.utils.autoreload autoreload:265 — D:\Work\DSTP-Website\dstp_backend\apps\homepage\views.py changed, reloading.
[2026-03-13 15:42:10] INFO django.utils.autoreload autoreload:681 — Watching for file changes with StatReloader
[2026-03-13 15:42:11] INFO django.utils.autoreload autoreload:265 — D:\Work\DSTP-Website\dstp_backend\apps\homepage\views.py changed, reloading.
[2026-03-13 15:42:12] INFO django.utils.autoreload autoreload:681 — Watching for file changes with StatReloader
[2026-03-13 15:42:54] INFO django.utils.autoreload autoreload:265 — D:\Work\DSTP-Website\dstp_backend\apps\blog\views.py changed, reloading.
[2026-03-13 15:42:55] INFO django.utils.autoreload autoreload:681 — Watching for file changes with StatReloader
[2026-03-13 15:43:34] INFO django.utils.autoreload autoreload:265 — D:\Work\DSTP-Website\dstp_backend\apps\careers\views.py changed, reloading.
[2026-03-13 15:43:35] INFO django.utils.autoreload autoreload:681 — Watching for file changes with StatReloader
[2026-03-13 15:43:36] INFO django.utils.autoreload autoreload:265 — D:\Work\DSTP-Website\dstp_backend\apps\careers\views.py changed, reloading.
[2026-03-13 15:43:37] INFO django.utils.autoreload autoreload:681 — Watching for file changes with StatReloader
[2026-03-13 15:43:38] INFO django.utils.autoreload autoreload:265 — D:\Work\DSTP-Website\dstp_backend\apps\careers\views.py changed, reloading.
[2026-03-13 15:43:39] INFO django.utils.autoreload autoreload:681 — Watching for file changes with StatReloader
[2026-03-13 15:44:13] INFO django.utils.autoreload autoreload:265 — D:\Work\DSTP-Website\dstp_backend\apps\contact\views.py changed, reloading.
[2026-03-13 15:44:13] INFO django.utils.autoreload autoreload:681 — Watching for file changes with StatReloader
[2026-03-13 15:44:56] INFO django.utils.autoreload autoreload:265 — D:\Work\DSTP-Website\dstp_backend\apps\projects\views.py changed, reloading.
[2026-03-13 15:44:57] INFO django.utils.autoreload autoreload:681 — Watching for file changes with StatReloader
[2026-03-13 15:45:16] INFO django.utils.autoreload autoreload:265 — D:\Work\DSTP-Website\dstp_backend\apps\projects\views.py changed, reloading.
[2026-03-13 15:45:16] INFO django.utils.autoreload autoreload:681 — Watching for file changes with StatReloader
[2026-03-13 15:45:29] INFO django.utils.autoreload autoreload:265 — D:\Work\DSTP-Website\dstp_backend\apps\industries\views.py changed, reloading.
[2026-03-13 15:45:30] INFO django.utils.autoreload autoreload:681 — Watching for file changes with StatReloader
[2026-03-13 15:46:03] INFO django.utils.autoreload autoreload:265 — D:\Work\DSTP-Website\dstp_backend\apps\projects\views.py changed, reloading.
[2026-03-13 15:46:04] INFO django.utils.autoreload autoreload:681 — Watching for file changes with StatReloader
[2026-03-13 15:47:54] INFO django.utils.autoreload autoreload:265 — D:\Work\DSTP-Website\dstp_backend\apps\services\views.py changed, reloading.
[2026-03-13 15:47:54] INFO django.utils.autoreload autoreload:681 — Watching for file changes with StatReloader
[2026-03-13 15:48:01] INFO django.utils.autoreload autoreload:265 — D:\Work\DSTP-Website\dstp_backend\apps\services\views.py changed, reloading.
[2026-03-13 15:48:01] INFO django.utils.autoreload autoreload:681 — Watching for file changes with StatReloader
[2026-03-13 15:48:49] INFO django.utils.autoreload autoreload:265 — D:\Work\DSTP-Website\dstp_backend\apps\testimonials\views.py changed, reloading.
[2026-03-13 15:48:50] INFO django.utils.autoreload autoreload:681 — Watching for file changes with StatReloader
[2026-03-13 15:51:45] INFO django.utils.autoreload autoreload:265 — D:\Work\DSTP-Website\dstp_backend\apps\services\views.py changed, reloading.
[2026-03-13 15:51:46] INFO django.utils.autoreload autoreload:681 — Watching for file changes with StatReloader
[2026-03-13 15:53:38] INFO middleware.logging_middleware logging_middleware:20 — GET /api/docs/ - 200 (0.01s)
[2026-03-13 15:53:38] INFO django.server log:249 — "GET /api/docs/ HTTP/1.1" 200 4694
[2026-03-13 15:53:38] INFO middleware.logging_middleware logging_middleware:20 — GET /api/schema/ - 200 (0.04s)
[2026-03-13 15:53:38] INFO django.server log:249 — "GET /api/schema/ HTTP/1.1" 200 139300
[2026-03-13 16:00:47] INFO middleware.logging_middleware logging_middleware:20 — POST /api/v1/auth/login/ - 400 (0.00s)
[2026-03-13 16:00:47] WARNING django.request log:249 — Bad Request: /api/v1/auth/login/
[2026-03-13 16:00:47] WARNING django.server log:249 — "POST /api/v1/auth/login/ HTTP/1.1" 400 103
[2026-03-13 16:01:18] INFO middleware.logging_middleware logging_middleware:20 — POST /api/v1/auth/logout/ - 401 (0.00s)
[2026-03-13 16:01:18] WARNING django.request log:249 — Unauthorized: /api/v1/auth/logout/
[2026-03-13 16:01:18] WARNING django.server log:249 — "POST /api/v1/auth/logout/ HTTP/1.1" 401 76
[2026-03-13 16:01:20] INFO middleware.logging_middleware logging_middleware:20 — POST /api/v1/auth/logout/ - 401 (0.00s)
[2026-03-13 16:01:20] WARNING django.request log:249 — Unauthorized: /api/v1/auth/logout/
[2026-03-13 16:01:20] WARNING django.server log:249 — "POST /api/v1/auth/logout/ HTTP/1.1" 401 76
[2026-03-13 16:05:13] INFO django.utils.autoreload autoreload:681 — Watching for file changes with StatReloader
[2026-03-13 16:05:18] INFO middleware.logging_middleware logging_middleware:20 — GET /api/docs/ - 200 (0.01s)
[2026-03-13 16:05:18] INFO django.server log:249 — "GET /api/docs/ HTTP/1.1" 200 4694
[2026-03-13 16:05:19] INFO middleware.logging_middleware logging_middleware:20 — GET /api/schema/ - 200 (0.04s)
[2026-03-13 16:05:19] INFO django.server log:249 — "GET /api/schema/ HTTP/1.1" 200 139300
[2026-03-13 16:25:45] INFO django.utils.autoreload autoreload:681 — Watching for file changes with StatReloader
[2026-03-13 16:25:47] INFO middleware.logging_middleware logging_middleware:20 — GET /api/docs/ - 200 (0.01s)
[2026-03-13 16:25:47] INFO django.server log:249 — "GET /api/docs/ HTTP/1.1" 200 4694
[2026-03-13 16:25:48] INFO middleware.logging_middleware logging_middleware:20 — GET /api/schema/ - 200 (0.05s)
[2026-03-13 16:25:48] INFO django.server log:249 — "GET /api/schema/ HTTP/1.1" 200 138818
[2026-03-13 16:26:17] INFO middleware.logging_middleware logging_middleware:20 — GET /api/docs/ - 200 (0.00s)
[2026-03-13 16:26:17] INFO django.server log:249 — "GET /api/docs/ HTTP/1.1" 200 4694
[2026-03-13 16:26:17] INFO middleware.logging_middleware logging_middleware:20 — GET /api/schema/ - 200 (0.04s)
[2026-03-13 16:26:17] INFO django.server log:249 — "GET /api/schema/ HTTP/1.1" 200 138818
[2026-03-13 16:27:32] INFO middleware.logging_middleware logging_middleware:20 — GET /api/schema/swagger-ui - 404 (0.01s)
[2026-03-13 16:27:32] WARNING django.request log:249 — Not Found: /api/schema/swagger-ui
[2026-03-13 16:27:32] WARNING django.server log:249 — "GET /api/schema/swagger-ui HTTP/1.1" 404 4502
[2026-03-13 16:27:32] INFO middleware.logging_middleware logging_middleware:20 — GET /favicon.ico - 404 (0.01s)
[2026-03-13 16:27:32] WARNING django.request log:249 — Not Found: /favicon.ico
[2026-03-13 16:27:32] WARNING django.server log:249 — "GET /favicon.ico HTTP/1.1" 404 4472
[2026-03-13 16:29:17] INFO django.utils.autoreload autoreload:265 — D:\Work\DSTP-Website\dstp_backend\apps\blog\views.py changed, reloading.
[2026-03-13 16:29:17] INFO django.utils.autoreload autoreload:681 — Watching for file changes with StatReloader
[2026-03-13 16:29:21] INFO middleware.logging_middleware logging_middleware:20 — GET /api/docs/ - 200 (0.01s)
[2026-03-13 16:29:21] INFO django.server log:249 — "GET /api/docs/ HTTP/1.1" 200 4694
[2026-03-13 16:29:21] INFO middleware.logging_middleware logging_middleware:20 — GET /api/schema/ - 200 (0.04s)
[2026-03-13 16:29:21] INFO django.server log:249 — "GET /api/schema/ HTTP/1.1" 200 138818
[2026-03-13 16:30:04] INFO django.utils.autoreload autoreload:265 — D:\Work\DSTP-Website\dstp_backend\apps\blog\views.py changed, reloading.
[2026-03-13 16:30:04] INFO django.utils.autoreload autoreload:681 — Watching for file changes with StatReloader
[2026-03-13 16:30:14] INFO django.utils.autoreload autoreload:265 — D:\Work\DSTP-Website\dstp_backend\apps\blog\views.py changed, reloading.
[2026-03-13 16:30:14] INFO django.utils.autoreload autoreload:681 — Watching for file changes with StatReloader
[2026-03-13 16:30:18] INFO middleware.logging_middleware logging_middleware:20 — GET /api/docs/ - 200 (0.01s)
[2026-03-13 16:30:18] INFO django.server log:249 — "GET /api/docs/ HTTP/1.1" 200 4694
[2026-03-13 16:30:18] INFO middleware.logging_middleware logging_middleware:20 — GET /api/schema/ - 200 (0.04s)
[2026-03-13 16:30:18] INFO django.server log:249 — "GET /api/schema/ HTTP/1.1" 200 138818
[2026-03-13 16:30:36] INFO django.utils.autoreload autoreload:265 — D:\Work\DSTP-Website\dstp_backend\apps\careers\views.py changed, reloading.
[2026-03-13 16:30:37] INFO django.utils.autoreload autoreload:681 — Watching for file changes with StatReloader
[2026-03-13 16:30:51] INFO django.utils.autoreload autoreload:265 — D:\Work\DSTP-Website\dstp_backend\apps\careers\views.py changed, reloading.
[2026-03-13 16:30:52] INFO django.utils.autoreload autoreload:681 — Watching for file changes with StatReloader
[2026-03-13 16:30:53] INFO django.utils.autoreload autoreload:265 — D:\Work\DSTP-Website\dstp_backend\apps\careers\views.py changed, reloading.
[2026-03-13 16:30:53] INFO django.utils.autoreload autoreload:681 — Watching for file changes with StatReloader
[2026-03-13 16:31:03] INFO django.utils.autoreload autoreload:265 — D:\Work\DSTP-Website\dstp_backend\apps\careers\views.py changed, reloading.
[2026-03-13 16:31:03] INFO django.utils.autoreload autoreload:681 — Watching for file changes with StatReloader
[2026-03-13 16:31:21] INFO middleware.logging_middleware logging_middleware:20 — GET /api/docs/ - 200 (0.01s)
[2026-03-13 16:31:21] INFO django.server log:249 — "GET /api/docs/ HTTP/1.1" 200 4694
[2026-03-13 16:31:21] INFO middleware.logging_middleware logging_middleware:20 — GET /api/schema/ - 200 (0.04s)
[2026-03-13 16:31:21] INFO django.server log:249 — "GET /api/schema/ HTTP/1.1" 200 138336
[2026-03-13 16:33:56] INFO django.utils.autoreload autoreload:265 — D:\Work\DSTP-Website\dstp_backend\apps\careers\views.py changed, reloading.
[2026-03-13 16:33:56] INFO django.utils.autoreload autoreload:681 — Watching for file changes with StatReloader
[2026-03-13 16:34:30] INFO middleware.logging_middleware logging_middleware:20 — GET /api/docs/ - 200 (0.01s)
[2026-03-13 16:34:30] INFO django.server log:249 — "GET /api/docs/ HTTP/1.1" 200 4694
[2026-03-13 16:34:31] INFO middleware.logging_middleware logging_middleware:20 — GET /api/schema/ - 200 (0.05s)
[2026-03-13 16:34:31] INFO django.server log:249 — "GET /api/schema/ HTTP/1.1" 200 138336
[2026-03-13 16:45:27] INFO django.utils.autoreload autoreload:265 — D:\Work\DSTP-Website\dstp_backend\apps\blog\views.py changed, reloading.
[2026-03-13 16:45:28] INFO django.utils.autoreload autoreload:681 — Watching for file changes with StatReloader
[2026-03-13 16:45:34] INFO middleware.logging_middleware logging_middleware:20 — GET /api/docs/ - 200 (0.01s)
[2026-03-13 16:45:34] INFO django.server log:249 — "GET /api/docs/ HTTP/1.1" 200 4694
[2026-03-13 16:45:34] INFO middleware.logging_middleware logging_middleware:20 — GET /api/schema/ - 200 (0.04s)
[2026-03-13 16:45:34] INFO django.server log:249 — "GET /api/schema/ HTTP/1.1" 200 139179
[2026-03-13 16:45:41] INFO django.utils.autoreload autoreload:265 — D:\Work\DSTP-Website\dstp_backend\apps\blog\views.py changed, reloading.
[2026-03-13 16:45:42] INFO django.utils.autoreload autoreload:681 — Watching for file changes with StatReloader
[2026-03-13 16:45:42] INFO middleware.logging_middleware logging_middleware:20 — GET /api/docs/ - 200 (0.01s)
[2026-03-13 16:45:42] INFO django.server log:249 — "GET /api/docs/ HTTP/1.1" 200 4694
[2026-03-13 16:45:42] INFO middleware.logging_middleware logging_middleware:20 — GET /api/schema/ - 200 (0.04s)
[2026-03-13 16:45:42] INFO django.server log:249 — "GET /api/schema/ HTTP/1.1" 200 138336
[2026-03-13 16:45:46] INFO django.utils.autoreload autoreload:265 — D:\Work\DSTP-Website\dstp_backend\apps\blog\views.py changed, reloading.
[2026-03-13 16:45:47] INFO django.utils.autoreload autoreload:681 — Watching for file changes with StatReloader
[2026-03-13 16:45:47] INFO middleware.logging_middleware logging_middleware:20 — GET /api/docs/ - 200 (0.01s)
[2026-03-13 16:45:47] INFO django.server log:249 — "GET /api/docs/ HTTP/1.1" 200 4694
[2026-03-13 16:45:47] INFO middleware.logging_middleware logging_middleware:20 — GET /api/schema/ - 200 (0.06s)
[2026-03-13 16:45:47] INFO django.server log:249 — "GET /api/schema/ HTTP/1.1" 200 139179
[2026-03-13 16:45:53] INFO django.utils.autoreload autoreload:265 — D:\Work\DSTP-Website\dstp_backend\apps\blog\views.py changed, reloading.
[2026-03-13 16:45:54] INFO django.utils.autoreload autoreload:681 — Watching for file changes with StatReloader
[2026-03-13 16:45:54] INFO middleware.logging_middleware logging_middleware:20 — GET /api/docs/ - 200 (0.01s)
[2026-03-13 16:45:54] INFO django.server log:249 — "GET /api/docs/ HTTP/1.1" 200 4694
[2026-03-13 16:45:54] INFO middleware.logging_middleware logging_middleware:20 — GET /api/schema/ - 200 (0.04s)
[2026-03-13 16:45:54] INFO django.server log:249 — "GET /api/schema/ HTTP/1.1" 200 138336
[2026-03-13 16:46:02] INFO django.utils.autoreload autoreload:265 — D:\Work\DSTP-Website\dstp_backend\apps\blog\views.py changed, reloading.
[2026-03-13 16:46:02] INFO django.utils.autoreload autoreload:681 — Watching for file changes with StatReloader
[2026-03-13 16:46:03] INFO middleware.logging_middleware logging_middleware:20 — GET /api/docs/ - 200 (0.01s)
[2026-03-13 16:46:03] INFO django.server log:249 — "GET /api/docs/ HTTP/1.1" 200 4694
[2026-03-13 16:46:03] INFO middleware.logging_middleware logging_middleware:20 — GET /api/schema/ - 200 (0.05s)
[2026-03-13 16:46:03] INFO django.server log:249 — "GET /api/schema/ HTTP/1.1" 200 139179
[2026-03-13 16:47:13] INFO django.utils.autoreload autoreload:265 — D:\Work\DSTP-Website\dstp_backend\apps\careers\views.py changed, reloading.
[2026-03-13 16:47:13] INFO django.utils.autoreload autoreload:681 — Watching for file changes with StatReloader
[2026-03-13 16:47:15] INFO middleware.logging_middleware logging_middleware:20 — GET /api/docs/ - 200 (0.01s)
[2026-03-13 16:47:15] INFO django.server log:249 — "GET /api/docs/ HTTP/1.1" 200 4694
[2026-03-13 16:47:15] INFO middleware.logging_middleware logging_middleware:20 — GET /api/schema/ - 200 (0.04s)
[2026-03-13 16:47:15] INFO django.server log:249 — "GET /api/schema/ HTTP/1.1" 200 140070
[2026-03-13 16:47:58] INFO django.utils.autoreload autoreload:265 — D:\Work\DSTP-Website\dstp_backend\apps\testimonials\views.py changed, reloading.
[2026-03-13 16:47:58] INFO django.utils.autoreload autoreload:681 — Watching for file changes with StatReloader
[2026-03-13 16:48:25] INFO django.utils.autoreload autoreload:265 — D:\Work\DSTP-Website\dstp_backend\apps\services\views.py changed, reloading.
[2026-03-13 16:48:26] INFO django.utils.autoreload autoreload:681 — Watching for file changes with StatReloader
[2026-03-13 16:49:05] INFO django.utils.autoreload autoreload:265 — D:\Work\DSTP-Website\dstp_backend\apps\projects\views.py changed, reloading.
[2026-03-13 16:49:05] INFO django.utils.autoreload autoreload:681 — Watching for file changes with StatReloader
[2026-03-13 16:49:28] INFO django.utils.autoreload autoreload:265 — D:\Work\DSTP-Website\dstp_backend\apps\industries\views.py changed, reloading.
[2026-03-13 16:49:29] INFO django.utils.autoreload autoreload:681 — Watching for file changes with StatReloader
[2026-03-13 16:50:18] INFO django.utils.autoreload autoreload:265 — D:\Work\DSTP-Website\dstp_backend\apps\homepage\views.py changed, reloading.
[2026-03-13 16:50:19] INFO django.utils.autoreload autoreload:681 — Watching for file changes with StatReloader
[2026-03-13 16:50:36] INFO django.utils.autoreload autoreload:265 — D:\Work\DSTP-Website\dstp_backend\apps\contact\views.py changed, reloading.
[2026-03-13 16:50:37] INFO django.utils.autoreload autoreload:681 — Watching for file changes with StatReloader
[2026-03-13 16:52:22] INFO middleware.logging_middleware logging_middleware:20 — GET /api/docs/ - 200 (0.02s)
[2026-03-13 16:52:22] INFO django.server log:249 — "GET /api/docs/ HTTP/1.1" 200 4694
[2026-03-13 16:52:23] INFO middleware.logging_middleware logging_middleware:20 — GET /api/schema/ - 200 (0.10s)
[2026-03-13 16:52:23] INFO django.server log:249 — "GET /api/schema/ HTTP/1.1" 200 143629
[2026-03-13 16:58:42] INFO django.utils.autoreload autoreload:265 — D:\Work\DSTP-Website\dstp_backend\apps\homepage\views.py changed, reloading.
[2026-03-13 16:58:42] INFO django.utils.autoreload autoreload:681 — Watching for file changes with StatReloader
[2026-03-13 16:58:46] INFO django.utils.autoreload autoreload:265 — D:\Work\DSTP-Website\dstp_backend\apps\homepage\views.py changed, reloading.
[2026-03-13 16:58:46] INFO django.utils.autoreload autoreload:681 — Watching for file changes with StatReloader
[2026-03-13 16:58:52] INFO middleware.logging_middleware logging_middleware:20 — GET /api/docs/ - 200 (0.01s)
[2026-03-13 16:58:52] INFO django.server log:249 — "GET /api/docs/ HTTP/1.1" 200 4694
[2026-03-13 16:58:53] INFO middleware.logging_middleware logging_middleware:20 — GET /api/schema/ - 200 (0.06s)
[2026-03-13 16:58:53] INFO django.server log:249 — "GET /api/schema/ HTTP/1.1" 200 143147
[2026-03-13 17:00:43] INFO django.utils.autoreload autoreload:265 — D:\Work\DSTP-Website\dstp_backend\apps\blog\views.py changed, reloading.
[2026-03-13 17:00:44] INFO django.utils.autoreload autoreload:681 — Watching for file changes with StatReloader
[2026-03-13 17:00:46] INFO django.utils.autoreload autoreload:265 — D:\Work\DSTP-Website\dstp_backend\apps\blog\views.py changed, reloading.
[2026-03-13 17:00:46] INFO django.utils.autoreload autoreload:681 — Watching for file changes with StatReloader
[2026-03-13 17:00:53] INFO django.utils.autoreload autoreload:265 — D:\Work\DSTP-Website\dstp_backend\apps\blog\views.py changed, reloading.
[2026-03-13 17:00:53] INFO django.utils.autoreload autoreload:681 — Watching for file changes with StatReloader
[2026-03-13 17:01:48] INFO django.utils.autoreload autoreload:265 — D:\Work\DSTP-Website\dstp_backend\apps\blog\views.py changed, reloading.
[2026-03-13 17:01:48] INFO django.utils.autoreload autoreload:681 — Watching for file changes with StatReloader
[2026-03-13 17:01:56] INFO django.utils.autoreload autoreload:265 — D:\Work\DSTP-Website\dstp_backend\apps\blog\views.py changed, reloading.
[2026-03-13 17:01:56] INFO django.utils.autoreload autoreload:681 — Watching for file changes with StatReloader
[2026-03-13 17:02:03] INFO middleware.logging_middleware logging_middleware:20 — GET /api/docs/ - 200 (0.02s)
[2026-03-13 17:02:03] INFO django.server log:249 — "GET /api/docs/ HTTP/1.1" 200 4694
[2026-03-13 17:02:03] INFO middleware.logging_middleware logging_middleware:20 — GET /api/schema/ - 200 (0.05s)
[2026-03-13 17:02:03] INFO django.server log:249 — "GET /api/schema/ HTTP/1.1" 200 142149
[2026-03-13 17:03:47] INFO django.utils.autoreload autoreload:265 — D:\Work\DSTP-Website\dstp_backend\apps\blog\views.py changed, reloading.
[2026-03-13 17:03:48] INFO django.utils.autoreload autoreload:681 — Watching for file changes with StatReloader
[2026-03-13 17:03:53] INFO django.utils.autoreload autoreload:265 — D:\Work\DSTP-Website\dstp_backend\apps\blog\views.py changed, reloading.
[2026-03-13 17:03:54] INFO django.utils.autoreload autoreload:681 — Watching for file changes with StatReloader
[2026-03-13 17:05:39] INFO django.utils.autoreload autoreload:265 — D:\Work\DSTP-Website\dstp_backend\apps\services\views.py changed, reloading.
[2026-03-13 17:05:39] INFO django.utils.autoreload autoreload:681 — Watching for file changes with StatReloader
[2026-03-13 17:05:43] INFO django.utils.autoreload autoreload:265 — D:\Work\DSTP-Website\dstp_backend\apps\services\views.py changed, reloading.
[2026-03-13 17:05:43] INFO django.utils.autoreload autoreload:681 — Watching for file changes with StatReloader
[2026-03-13 17:05:55] INFO django.utils.autoreload autoreload:265 — D:\Work\DSTP-Website\dstp_backend\apps\services\views.py changed, reloading.
[2026-03-13 17:05:55] INFO django.utils.autoreload autoreload:681 — Watching for file changes with StatReloader
[2026-03-13 17:06:17] INFO django.utils.autoreload autoreload:265 — D:\Work\DSTP-Website\dstp_backend\apps\careers\views.py changed, reloading.
[2026-03-13 17:06:17] INFO django.utils.autoreload autoreload:681 — Watching for file changes with StatReloader
[2026-03-13 17:06:25] INFO django.utils.autoreload autoreload:265 — D:\Work\DSTP-Website\dstp_backend\apps\careers\views.py changed, reloading.
[2026-03-13 17:06:25] INFO django.utils.autoreload autoreload:681 — Watching for file changes with StatReloader
[2026-03-13 17:06:27] INFO django.utils.autoreload autoreload:265 — D:\Work\DSTP-Website\dstp_backend\apps\careers\views.py changed, reloading.
[2026-03-13 17:06:27] INFO django.utils.autoreload autoreload:681 — Watching for file changes with StatReloader
[2026-03-13 17:06:30] INFO middleware.logging_middleware logging_middleware:20 — GET /api/docs/ - 200 (0.01s)
[2026-03-13 17:06:30] INFO django.server log:249 — "GET /api/docs/ HTTP/1.1" 200 4694
[2026-03-13 17:06:31] INFO middleware.logging_middleware logging_middleware:20 — GET /api/schema/ - 200 (0.04s)
[2026-03-13 17:06:31] INFO django.server log:249 — "GET /api/schema/ HTTP/1.1" 200 140041
[2026-03-13 17:07:04] INFO django.utils.autoreload autoreload:265 — D:\Work\DSTP-Website\dstp_backend\apps\contact\views.py changed, reloading.
[2026-03-13 17:07:04] INFO django.utils.autoreload autoreload:681 — Watching for file changes with StatReloader
[2026-03-13 17:07:17] INFO django.utils.autoreload autoreload:265 — D:\Work\DSTP-Website\dstp_backend\apps\contact\views.py changed, reloading.
[2026-03-13 17:07:17] INFO django.utils.autoreload autoreload:681 — Watching for file changes with StatReloader
[2026-03-13 17:07:40] INFO django.utils.autoreload autoreload:265 — D:\Work\DSTP-Website\dstp_backend\apps\homepage\views.py changed, reloading.
[2026-03-13 17:07:40] INFO django.utils.autoreload autoreload:681 — Watching for file changes with StatReloader
[2026-03-13 17:07:48] INFO django.utils.autoreload autoreload:265 — D:\Work\DSTP-Website\dstp_backend\apps\homepage\views.py changed, reloading.
[2026-03-13 17:07:48] INFO django.utils.autoreload autoreload:681 — Watching for file changes with StatReloader
[2026-03-13 17:08:01] INFO django.utils.autoreload autoreload:265 — D:\Work\DSTP-Website\dstp_backend\apps\industries\views.py changed, reloading.
[2026-03-13 17:08:01] INFO django.utils.autoreload autoreload:681 — Watching for file changes with StatReloader
[2026-03-13 17:08:09] INFO django.utils.autoreload autoreload:265 — D:\Work\DSTP-Website\dstp_backend\apps\industries\views.py changed, reloading.
[2026-03-13 17:08:10] INFO django.utils.autoreload autoreload:681 — Watching for file changes with StatReloader
[2026-03-13 17:08:22] INFO django.utils.autoreload autoreload:265 — D:\Work\DSTP-Website\dstp_backend\apps\projects\views.py changed, reloading.
[2026-03-13 17:08:23] INFO django.utils.autoreload autoreload:681 — Watching for file changes with StatReloader
[2026-03-13 17:08:31] INFO django.utils.autoreload autoreload:265 — D:\Work\DSTP-Website\dstp_backend\apps\projects\views.py changed, reloading.
[2026-03-13 17:08:32] INFO django.utils.autoreload autoreload:681 — Watching for file changes with StatReloader
[2026-03-13 17:08:53] INFO django.utils.autoreload autoreload:265 — D:\Work\DSTP-Website\dstp_backend\apps\testimonials\views.py changed, reloading.
[2026-03-13 17:08:53] INFO django.utils.autoreload autoreload:681 — Watching for file changes with StatReloader
[2026-03-13 17:09:57] INFO django.utils.autoreload autoreload:265 — D:\Work\DSTP-Website\dstp_backend\apps\testimonials\views.py changed, reloading.
[2026-03-13 17:09:57] INFO django.utils.autoreload autoreload:681 — Watching for file changes with StatReloader
[2026-03-13 17:10:13] INFO django.utils.autoreload autoreload:265 — D:\Work\DSTP-Website\dstp_backend\apps\careers\views.py changed, reloading.
[2026-03-13 17:10:13] INFO django.utils.autoreload autoreload:681 — Watching for file changes with StatReloader
[2026-03-13 17:10:26] INFO django.utils.autoreload autoreload:681 — Watching for file changes with StatReloader
[2026-03-13 17:10:30] INFO middleware.logging_middleware logging_middleware:20 — GET /api/docs/ - 200 (0.01s)
[2026-03-13 17:10:30] INFO django.server log:249 — "GET /api/docs/ HTTP/1.1" 200 4694
[2026-03-13 17:10:30] INFO middleware.logging_middleware logging_middleware:20 — GET /api/schema/ - 200 (0.04s)
[2026-03-13 17:10:30] INFO django.server log:249 — "GET /api/schema/ HTTP/1.1" 200 136828
[2026-03-13 17:16:54] INFO django.utils.autoreload autoreload:265 — D:\Work\DSTP-Website\dstp_backend\apps\blog\views.py changed, reloading.
[2026-03-13 17:16:55] INFO django.utils.autoreload autoreload:681 — Watching for file changes with StatReloader
[2026-03-13 17:17:11] INFO django.utils.autoreload autoreload:265 — D:\Work\DSTP-Website\dstp_backend\apps\careers\views.py changed, reloading.
[2026-03-13 17:17:11] INFO django.utils.autoreload autoreload:681 — Watching for file changes with StatReloader
[2026-03-13 17:17:13] INFO django.utils.autoreload autoreload:265 — D:\Work\DSTP-Website\dstp_backend\apps\careers\views.py changed, reloading.
[2026-03-13 17:17:14] INFO django.utils.autoreload autoreload:681 — Watching for file changes with StatReloader
[2026-03-13 17:17:16] INFO django.utils.autoreload autoreload:265 — D:\Work\DSTP-Website\dstp_backend\apps\careers\views.py changed, reloading.
[2026-03-13 17:17:16] INFO django.utils.autoreload autoreload:681 — Watching for file changes with StatReloader
[2026-03-13 17:17:18] INFO django.utils.autoreload autoreload:265 — D:\Work\DSTP-Website\dstp_backend\apps\careers\views.py changed, reloading.
[2026-03-13 17:17:18] INFO django.utils.autoreload autoreload:681 — Watching for file changes with StatReloader
[2026-03-13 17:17:22] INFO django.utils.autoreload autoreload:265 — D:\Work\DSTP-Website\dstp_backend\apps\careers\views.py changed, reloading.
[2026-03-13 17:17:22] INFO django.utils.autoreload autoreload:681 — Watching for file changes with StatReloader
[2026-03-13 17:17:34] INFO django.utils.autoreload autoreload:265 — D:\Work\DSTP-Website\dstp_backend\apps\contact\views.py changed, reloading.
[2026-03-13 17:17:34] INFO django.utils.autoreload autoreload:681 — Watching for file changes with StatReloader
[2026-03-13 17:17:46] INFO django.utils.autoreload autoreload:265 — D:\Work\DSTP-Website\dstp_backend\apps\homepage\views.py changed, reloading.
[2026-03-13 17:17:46] INFO django.utils.autoreload autoreload:681 — Watching for file changes with StatReloader
[2026-03-13 17:17:58] INFO django.utils.autoreload autoreload:265 — D:\Work\DSTP-Website\dstp_backend\apps\industries\views.py changed, reloading.
[2026-03-13 17:17:58] INFO django.utils.autoreload autoreload:681 — Watching for file changes with StatReloader
[2026-03-13 17:18:11] INFO django.utils.autoreload autoreload:265 — D:\Work\DSTP-Website\dstp_backend\apps\projects\views.py changed, reloading.
[2026-03-13 17:18:11] INFO django.utils.autoreload autoreload:681 — Watching for file changes with StatReloader
[2026-03-13 17:18:13] INFO django.utils.autoreload autoreload:265 — D:\Work\DSTP-Website\dstp_backend\apps\projects\views.py changed, reloading.
[2026-03-13 17:18:13] INFO django.utils.autoreload autoreload:681 — Watching for file changes with StatReloader
[2026-03-13 17:18:38] INFO django.utils.autoreload autoreload:265 — D:\Work\DSTP-Website\dstp_backend\apps\services\views.py changed, reloading.
[2026-03-13 17:18:38] INFO django.utils.autoreload autoreload:681 — Watching for file changes with StatReloader
[2026-03-13 17:18:58] INFO django.utils.autoreload autoreload:265 — D:\Work\DSTP-Website\dstp_backend\apps\testimonials\views.py changed, reloading.
[2026-03-13 17:18:59] INFO django.utils.autoreload autoreload:681 — Watching for file changes with StatReloader
[2026-03-13 17:19:08] INFO middleware.logging_middleware logging_middleware:20 — GET /api/docs/ - 200 (0.01s)
[2026-03-13 17:19:08] INFO django.server log:249 — "GET /api/docs/ HTTP/1.1" 200 4694
[2026-03-13 17:19:08] INFO middleware.logging_middleware logging_middleware:20 — GET /api/schema/ - 200 (0.04s)
[2026-03-13 17:19:08] INFO django.server log:249 — "GET /api/schema/ HTTP/1.1" 200 131051
[2026-03-13 17:19:28] INFO django.utils.autoreload autoreload:681 — Watching for file changes with StatReloader
[2026-03-13 17:19:30] INFO middleware.logging_middleware logging_middleware:20 — GET /api/docs/ - 200 (0.01s)
[2026-03-13 17:19:30] INFO django.server log:249 — "GET /api/docs/ HTTP/1.1" 200 4694
[2026-03-13 17:19:30] INFO middleware.logging_middleware logging_middleware:20 — GET /api/schema/ - 200 (0.04s)
[2026-03-13 17:19:30] INFO django.server log:249 — "GET /api/schema/ HTTP/1.1" 200 131051
[2026-03-13 17:19:35] INFO middleware.logging_middleware logging_middleware:20 — GET /.well-known/appspecific/com.chrome.devtools.json - 404 (0.00s)
[2026-03-13 17:19:35] WARNING django.request log:249 — Not Found: /.well-known/appspecific/com.chrome.devtools.json
[2026-03-13 17:19:35] WARNING django.server log:249 — "GET /.well-known/appspecific/com.chrome.devtools.json HTTP/1.1" 404 4583
[2026-03-13 17:20:05] INFO django.utils.autoreload autoreload:265 — D:\Work\DSTP-Website\dstp_backend\apps\testimonials\views.py changed, reloading.
[2026-03-13 17:20:06] INFO django.utils.autoreload autoreload:681 — Watching for file changes with StatReloader
[2026-03-13 17:20:06] INFO middleware.logging_middleware logging_middleware:20 — GET /api/docs/ - 200 (0.01s)
[2026-03-13 17:20:06] INFO django.server log:249 — "GET /api/docs/ HTTP/1.1" 200 4694
[2026-03-13 17:20:06] INFO middleware.logging_middleware logging_middleware:20 — GET /api/schema/ - 200 (0.04s)
[2026-03-13 17:20:06] INFO django.server log:249 — "GET /api/schema/ HTTP/1.1" 200 131615
[2026-03-13 17:20:16] INFO django.utils.autoreload autoreload:265 — D:\Work\DSTP-Website\dstp_backend\apps\testimonials\views.py changed, reloading.
[2026-03-13 17:20:17] INFO django.utils.autoreload autoreload:681 — Watching for file changes with StatReloader
[2026-03-13 17:20:18] INFO django.utils.autoreload autoreload:265 — D:\Work\DSTP-Website\dstp_backend\apps\testimonials\views.py changed, reloading.
[2026-03-13 17:20:19] INFO django.utils.autoreload autoreload:681 — Watching for file changes with StatReloader
[2026-03-13 17:20:25] INFO django.utils.autoreload autoreload:265 — D:\Work\DSTP-Website\dstp_backend\apps\testimonials\views.py changed, reloading.
[2026-03-13 17:20:25] INFO django.utils.autoreload autoreload:681 — Watching for file changes with StatReloader
[2026-03-13 17:20:29] INFO middleware.logging_middleware logging_middleware:20 — GET /api/docs/ - 200 (0.01s)
[2026-03-13 17:20:29] INFO django.server log:249 — "GET /api/docs/ HTTP/1.1" 200 4694
[2026-03-13 17:20:30] INFO middleware.logging_middleware logging_middleware:20 — GET /api/schema/ - 200 (0.04s)
[2026-03-13 17:20:30] INFO django.server log:249 — "GET /api/schema/ HTTP/1.1" 200 131051
[2026-03-13 17:22:35] INFO django.utils.autoreload autoreload:265 — D:\Work\DSTP-Website\dstp_backend\config\settings\base.py changed, reloading.
[2026-03-13 17:22:35] INFO django.utils.autoreload autoreload:681 — Watching for file changes with StatReloader
[2026-03-13 17:22:38] INFO middleware.logging_middleware logging_middleware:20 — GET /api/docs/ - 200 (0.02s)
[2026-03-13 17:22:38] INFO django.server log:249 — "GET /api/docs/ HTTP/1.1" 200 4694
[2026-03-13 17:22:38] INFO middleware.logging_middleware logging_middleware:20 — GET /api/schema/ - 200 (0.04s)
[2026-03-13 17:22:38] INFO django.server log:249 — "GET /api/schema/ HTTP/1.1" 200 131051
[2026-03-13 17:23:03] INFO django.utils.autoreload autoreload:265 — D:\Work\DSTP-Website\dstp_backend\apps\blog\views.py changed, reloading.
[2026-03-13 17:23:03] INFO django.utils.autoreload autoreload:681 — Watching for file changes with StatReloader
[2026-03-13 17:23:16] INFO django.utils.autoreload autoreload:265 — D:\Work\DSTP-Website\dstp_backend\apps\blog\views.py changed, reloading.
[2026-03-13 17:23:16] INFO django.utils.autoreload autoreload:681 — Watching for file changes with StatReloader
[2026-03-13 17:23:17] INFO middleware.logging_middleware logging_middleware:20 — GET /api/docs/ - 200 (0.01s)
[2026-03-13 17:23:17] INFO django.server log:249 — "GET /api/docs/ HTTP/1.1" 200 4694
[2026-03-13 17:23:17] INFO middleware.logging_middleware logging_middleware:20 — GET /api/schema/ - 200 (0.04s)
[2026-03-13 17:23:17] INFO django.server log:249 — "GET /api/schema/ HTTP/1.1" 200 131051
[2026-03-13 17:23:21] INFO django.utils.autoreload autoreload:265 — D:\Work\DSTP-Website\dstp_backend\apps\blog\views.py changed, reloading.
[2026-03-13 17:23:21] INFO django.utils.autoreload autoreload:681 — Watching for file changes with StatReloader
[2026-03-13 17:23:26] INFO django.utils.autoreload autoreload:265 — D:\Work\DSTP-Website\dstp_backend\apps\blog\views.py changed, reloading.
[2026-03-13 17:23:26] INFO django.utils.autoreload autoreload:681 — Watching for file changes with StatReloader
[2026-03-13 17:24:02] INFO django.utils.autoreload autoreload:265 — D:\Work\DSTP-Website\dstp_backend\apps\blog\views.py changed, reloading.
[2026-03-13 17:24:03] INFO django.utils.autoreload autoreload:681 — Watching for file changes with StatReloader
[2026-03-13 17:24:15] INFO django.utils.autoreload autoreload:265 — D:\Work\DSTP-Website\dstp_backend\apps\blog\views.py changed, reloading.
[2026-03-13 17:24:15] INFO django.utils.autoreload autoreload:681 — Watching for file changes with StatReloader
[2026-03-13 17:24:16] INFO middleware.logging_middleware logging_middleware:20 — GET /api/docs/ - 200 (0.01s)
[2026-03-13 17:24:16] INFO django.server log:249 — "GET /api/docs/ HTTP/1.1" 200 4694
[2026-03-13 17:24:16] INFO middleware.logging_middleware logging_middleware:20 — GET /api/schema/ - 200 (0.04s)
[2026-03-13 17:24:16] INFO django.server log:249 — "GET /api/schema/ HTTP/1.1" 200 131607
[2026-03-13 17:24:22] INFO django.utils.autoreload autoreload:265 — D:\Work\DSTP-Website\dstp_backend\apps\blog\views.py changed, reloading.
[2026-03-13 17:24:22] INFO django.utils.autoreload autoreload:681 — Watching for file changes with StatReloader
[2026-03-13 17:26:36] INFO django.utils.autoreload autoreload:265 — D:\Work\DSTP-Website\dstp_backend\apps\blog\views.py changed, reloading.
[2026-03-13 17:26:37] INFO django.utils.autoreload autoreload:681 — Watching for file changes with StatReloader
[2026-03-13 17:26:42] INFO django.utils.autoreload autoreload:265 — D:\Work\DSTP-Website\dstp_backend\apps\blog\views.py changed, reloading.
[2026-03-13 17:26:43] INFO django.utils.autoreload autoreload:681 — Watching for file changes with StatReloader
[2026-03-13 17:26:49] INFO django.utils.autoreload autoreload:265 — D:\Work\DSTP-Website\dstp_backend\apps\blog\views.py changed, reloading.
[2026-03-13 17:26:50] INFO django.utils.autoreload autoreload:681 — Watching for file changes with StatReloader
[2026-03-13 17:27:01] INFO django.utils.autoreload autoreload:265 — D:\Work\DSTP-Website\dstp_backend\apps\blog\views.py changed, reloading.
[2026-03-13 17:27:02] INFO django.utils.autoreload autoreload:681 — Watching for file changes with StatReloader
[2026-03-13 17:28:52] INFO django.utils.autoreload autoreload:681 — Watching for file changes with StatReloader
[2026-03-13 17:30:03] INFO django.utils.autoreload autoreload:681 — Watching for file changes with StatReloader
[2026-03-13 17:31:13] INFO django.utils.autoreload autoreload:265 — D:\Work\DSTP-Website\dstp_backend\apps\blog\views.py changed, reloading.
[2026-03-13 17:31:13] INFO django.utils.autoreload autoreload:681 — Watching for file changes with StatReloader
[2026-03-13 17:31:43] INFO django.utils.autoreload autoreload:265 — D:\Work\DSTP-Website\dstp_backend\apps\careers\views.py changed, reloading.
[2026-03-13 17:31:43] INFO django.utils.autoreload autoreload:681 — Watching for file changes with StatReloader
[2026-03-13 17:32:21] INFO django.utils.autoreload autoreload:265 — D:\Work\DSTP-Website\dstp_backend\apps\careers\views.py changed, reloading.
[2026-03-13 17:32:22] INFO django.utils.autoreload autoreload:681 — Watching for file changes with StatReloader
[2026-03-13 17:32:26] INFO django.utils.autoreload autoreload:265 — D:\Work\DSTP-Website\dstp_backend\apps\careers\views.py changed, reloading.
[2026-03-13 17:32:27] INFO django.utils.autoreload autoreload:681 — Watching for file changes with StatReloader
[2026-03-13 17:33:22] INFO django.utils.autoreload autoreload:265 — D:\Work\DSTP-Website\dstp_backend\apps\blog\views.py changed, reloading.
[2026-03-13 17:33:22] INFO django.utils.autoreload autoreload:681 — Watching for file changes with StatReloader
[2026-03-13 17:33:30] INFO django.utils.autoreload autoreload:265 — D:\Work\DSTP-Website\dstp_backend\apps\careers\views.py changed, reloading.
[2026-03-13 17:33:30] INFO django.utils.autoreload autoreload:681 — Watching for file changes with StatReloader
[2026-03-13 17:33:47] INFO django.utils.autoreload autoreload:265 — D:\Work\DSTP-Website\dstp_backend\apps\contact\views.py changed, reloading.
[2026-03-13 17:33:47] INFO django.utils.autoreload autoreload:681 — Watching for file changes with StatReloader
[2026-03-13 17:33:54] INFO django.utils.autoreload autoreload:265 — D:\Work\DSTP-Website\dstp_backend\apps\homepage\views.py changed, reloading.
[2026-03-13 17:33:54] INFO django.utils.autoreload autoreload:681 — Watching for file changes with StatReloader
[2026-03-13 17:35:22] INFO django.utils.autoreload autoreload:265 — D:\Work\DSTP-Website\dstp_backend\apps\industries\views.py changed, reloading.
[2026-03-13 17:35:22] INFO django.utils.autoreload autoreload:681 — Watching for file changes with StatReloader
[2026-03-13 17:35:26] INFO django.utils.autoreload autoreload:265 — D:\Work\DSTP-Website\dstp_backend\apps\projects\views.py changed, reloading.
[2026-03-13 17:35:27] INFO django.utils.autoreload autoreload:681 — Watching for file changes with StatReloader
[2026-03-13 17:35:32] INFO django.utils.autoreload autoreload:265 — D:\Work\DSTP-Website\dstp_backend\apps\services\views.py changed, reloading.
[2026-03-13 17:35:33] INFO django.utils.autoreload autoreload:681 — Watching for file changes with StatReloader
[2026-03-13 17:37:19] INFO django.utils.autoreload autoreload:265 — D:\Work\DSTP-Website\dstp_backend\apps\services\views.py changed, reloading.
[2026-03-13 17:37:19] INFO django.utils.autoreload autoreload:681 — Watching for file changes with StatReloader
[2026-03-13 17:37:24] INFO django.utils.autoreload autoreload:265 — D:\Work\DSTP-Website\dstp_backend\apps\services\views.py changed, reloading.
[2026-03-13 17:37:25] INFO django.utils.autoreload autoreload:681 — Watching for file changes with StatReloader
[2026-03-13 17:38:09] INFO django.utils.autoreload autoreload:265 — D:\Work\DSTP-Website\dstp_backend\apps\services\views.py changed, reloading.
[2026-03-13 17:38:09] INFO django.utils.autoreload autoreload:681 — Watching for file changes with StatReloader
[2026-03-13 17:40:15] INFO django.utils.autoreload autoreload:265 — D:\Work\DSTP-Website\dstp_backend\apps\services\views.py changed, reloading.
[2026-03-13 17:40:15] INFO django.utils.autoreload autoreload:681 — Watching for file changes with StatReloader
[2026-03-13 17:40:18] INFO middleware.logging_middleware logging_middleware:20 — GET /api/docs/ - 200 (0.01s)
[2026-03-13 17:40:18] INFO django.server log:249 — "GET /api/docs/ HTTP/1.1" 200 4694
[2026-03-13 17:40:18] INFO middleware.logging_middleware logging_middleware:20 — GET /api/schema/ - 200 (0.04s)
[2026-03-13 17:40:18] INFO django.server log:249 — "GET /api/schema/ HTTP/1.1" 200 142869
[2026-03-13 17:42:18] INFO django.utils.autoreload autoreload:265 — D:\Work\DSTP-Website\dstp_backend\apps\blog\views.py changed, reloading.
[2026-03-13 17:42:19] INFO django.utils.autoreload autoreload:681 — Watching for file changes with StatReloader
[2026-03-13 17:42:21] INFO middleware.logging_middleware logging_middleware:20 — GET /api/docs/ - 200 (0.01s)
[2026-03-13 17:42:21] INFO django.server log:249 — "GET /api/docs/ HTTP/1.1" 200 4694
[2026-03-13 17:42:21] INFO middleware.logging_middleware logging_middleware:20 — GET /api/schema/ - 200 (0.05s)
[2026-03-13 17:42:21] INFO django.server log:249 — "GET /api/schema/ HTTP/1.1" 200 142863
[2026-03-13 17:42:59] INFO django.utils.autoreload autoreload:265 — D:\Work\DSTP-Website\dstp_backend\apps\blog\views.py changed, reloading.
[2026-03-13 17:42:59] INFO django.utils.autoreload autoreload:681 — Watching for file changes with StatReloader
[2026-03-13 17:43:01] INFO middleware.logging_middleware logging_middleware:20 — GET /api/docs/ - 200 (0.01s)
[2026-03-13 17:43:01] INFO django.server log:249 — "GET /api/docs/ HTTP/1.1" 200 4694
[2026-03-13 17:43:01] INFO middleware.logging_middleware logging_middleware:20 — GET /api/schema/ - 200 (0.04s)
[2026-03-13 17:43:01] INFO django.server log:249 — "GET /api/schema/ HTTP/1.1" 200 142863
[2026-03-13 17:46:16] INFO django.utils.autoreload autoreload:681 — Watching for file changes with StatReloader
[2026-03-13 17:46:19] INFO middleware.logging_middleware logging_middleware:20 — GET /api/docs/ - 200 (0.01s)
[2026-03-13 17:46:19] INFO django.server log:249 — "GET /api/docs/ HTTP/1.1" 200 4694
[2026-03-13 17:46:19] INFO middleware.logging_middleware logging_middleware:20 — GET /api/schema/ - 200 (0.04s)
[2026-03-13 17:46:19] INFO django.server log:249 — "GET /api/schema/ HTTP/1.1" 200 142381
[2026-03-13 17:46:34] INFO django.utils.autoreload autoreload:265 — D:\Work\DSTP-Website\dstp_backend\apps\blog\views.py changed, reloading.
[2026-03-13 17:46:35] INFO django.utils.autoreload autoreload:681 — Watching for file changes with StatReloader
[2026-03-13 17:46:39] INFO django.utils.autoreload autoreload:265 — D:\Work\DSTP-Website\dstp_backend\apps\blog\views.py changed, reloading.
[2026-03-13 17:46:39] INFO django.utils.autoreload autoreload:681 — Watching for file changes with StatReloader
[2026-03-13 17:46:42] INFO django.utils.autoreload autoreload:265 — D:\Work\DSTP-Website\dstp_backend\apps\blog\views.py changed, reloading.
[2026-03-13 17:46:42] INFO django.utils.autoreload autoreload:681 — Watching for file changes with StatReloader
[2026-03-13 17:47:05] INFO django.utils.autoreload autoreload:265 — D:\Work\DSTP-Website\dstp_backend\apps\careers\views.py changed, reloading.
[2026-03-13 17:47:05] INFO django.utils.autoreload autoreload:681 — Watching for file changes with StatReloader
[2026-03-13 17:47:07] INFO middleware.logging_middleware logging_middleware:20 — GET /api/docs/ - 200 (0.01s)
[2026-03-13 17:47:07] INFO django.server log:249 — "GET /api/docs/ HTTP/1.1" 200 4694
[2026-03-13 17:47:07] INFO middleware.logging_middleware logging_middleware:20 — GET /api/schema/ - 200 (0.04s)
[2026-03-13 17:47:07] INFO django.server log:249 — "GET /api/schema/ HTTP/1.1" 200 142140
[2026-03-13 17:47:43] INFO django.utils.autoreload autoreload:265 — D:\Work\DSTP-Website\dstp_backend\apps\contact\views.py changed, reloading.
[2026-03-13 17:47:43] INFO django.utils.autoreload autoreload:681 — Watching for file changes with StatReloader
[2026-03-13 17:47:44] INFO middleware.logging_middleware logging_middleware:20 — GET /api/docs/ - 200 (0.01s)
[2026-03-13 17:47:44] INFO django.server log:249 — "GET /api/docs/ HTTP/1.1" 200 4694
[2026-03-13 17:47:44] INFO middleware.logging_middleware logging_middleware:20 — GET /api/schema/ - 200 (0.04s)
[2026-03-13 17:47:44] INFO django.server log:249 — "GET /api/schema/ HTTP/1.1" 200 141658
